<?xml version="1.0" encoding="UTF-8"?>
<!-- Generated by org.testng.reporters.JUnitReportReporter -->
<testsuite hostname="Tahsins-MacBook-Pro.local" failures="0" tests="1" name="org.cb.ta.AppTest" time="0.013" errors="0" timestamp="2021-01-13T11:21:29 PST" skipped="0">
  <testcase classname="org.cb.ta.AppTest" name="shouldAnswerWithTrue" time="0.013"/>
  <system-out/>
</testsuite> <!-- org.cb.ta.AppTest -->
